Output from good-fixed-1k.vdi:

Dump of VDI header:
      Image name: [<<< Oracle VM VirtualBox Disk Image >>>
                        ]
       Signature: 0xbeda107f
         Version: 1.01
     Header size: 0x00000190  400
      Image type: 0x00000002
           Flags: 0x00000000
     Virtual CHS: 0-0-0
     Sector size: 0x00000200  512
     Logical CHS: 260-16-63
     Sector size: 0x00000200  512
      Map offset: 0x00100000  1048576
    Frame offset: 0x00200000  2097152
      Frame size: 0x00100000  1048576
Extra frame size: 0x00000000  0
    Total frames: 0x00000080  128
Frames allocated: 0x00000080  128
       Disk size: 0x0000000008000000  134217728
            UUID: 6fd7a9b3-5226-8740-aea7-506076e113b0
  Last snap UUID: 6221a1ea-f266-e946-aeeb-4959370a749b
       Link UUID: 00000000-0000-0000-0000-000000000000
     Parent UUID: 00000000-0000-0000-0000-000000000000
   Image comment:
Offset: 0x54
   00 01 02 03 04 05 06 07 08 09 0a 0b 0c 0d 0e 0f    0...4...8...c...
  +-----------------------------------------------+  +----------------+
00|00 00 00 00 00 00 00 00 00 00 00 00 00 00 00 00|00|                |
10|00 00 00 00 00 00 00 00 00 00 00 00 00 00 00 00|10|                |
20|00 00 00 00 00 00 00 00 00 00 00 00 00 00 00 00|20|                |
30|00 00 00 00 00 00 00 00 00 00 00 00 00 00 00 00|30|                |
40|00 00 00 00 00 00 00 00 00 00 00 00 00 00 00 00|40|                |
50|00 00 00 00 00 00 00 00 00 00 00 00 00 00 00 00|50|                |
60|00 00 00 00 00 00 00 00 00 00 00 00 00 00 00 00|60|                |
70|00 00 00 00 00 00 00 00 00 00 00 00 00 00 00 00|70|                |
80|00 00 00 00 00 00 00 00 00 00 00 00 00 00 00 00|80|                |
90|00 00 00 00 00 00 00 00 00 00 00 00 00 00 00 00|90|                |
a0|00 00 00 00 00 00 00 00 00 00 00 00 00 00 00 00|a0|                |
b0|00 00 00 00 00 00 00 00 00 00 00 00 00 00 00 00|b0|                |
c0|00 00 00 00 00 00 00 00 00 00 00 00 00 00 00 00|c0|                |
d0|00 00 00 00 00 00 00 00 00 00 00 00 00 00 00 00|d0|                |
e0|00 00 00 00 00 00 00 00 00 00 00 00 00 00 00 00|e0|                |
f0|00 00 00 00 00 00 00 00 00 00 00 00 00 00 00 00|f0|                |
  +-----------------------------------------------+  +----------------+

          Unused: 0


Header in binary:
Offset: 0x0
   00 01 02 03 04 05 06 07 08 09 0a 0b 0c 0d 0e 0f    0...4...8...c...
  +-----------------------------------------------+  +----------------+
00|3c 3c 3c 20 4f 72 61 63 6c 65 20 56 4d 20 56 69|00|<<< Oracle VM Vi|
10|72 74 75 61 6c 42 6f 78 20 44 69 73 6b 20 49 6d|10|rtualBox Disk Im|
20|61 67 65 20 3e 3e 3e 0a 00 00 00 00 00 00 00 00|20|age >>>         |
30|00 00 00 00 00 00 00 00 00 00 00 00 00 00 00 00|30|                |
40|7f 10 da be 01 00 01 00 90 01 00 00 02 00 00 00|40|                |
50|00 00 00 00 00 00 00 00 00 00 00 00 00 00 00 00|50|                |
60|00 00 00 00 00 00 00 00 00 00 00 00 00 00 00 00|60|                |
70|00 00 00 00 00 00 00 00 00 00 00 00 00 00 00 00|70|                |
80|00 00 00 00 00 00 00 00 00 00 00 00 00 00 00 00|80|                |
90|00 00 00 00 00 00 00 00 00 00 00 00 00 00 00 00|90|                |
a0|00 00 00 00 00 00 00 00 00 00 00 00 00 00 00 00|a0|                |
b0|00 00 00 00 00 00 00 00 00 00 00 00 00 00 00 00|b0|                |
c0|00 00 00 00 00 00 00 00 00 00 00 00 00 00 00 00|c0|                |
d0|00 00 00 00 00 00 00 00 00 00 00 00 00 00 00 00|d0|                |
e0|00 00 00 00 00 00 00 00 00 00 00 00 00 00 00 00|e0|                |
f0|00 00 00 00 00 00 00 00 00 00 00 00 00 00 00 00|f0|                |
  +-----------------------------------------------+  +----------------+

Offset: 0x100
   00 01 02 03 04 05 06 07 08 09 0a 0b 0c 0d 0e 0f    0...4...8...c...
  +-----------------------------------------------+  +----------------+
00|00 00 00 00 00 00 00 00 00 00 00 00 00 00 00 00|00|                |
10|00 00 00 00 00 00 00 00 00 00 00 00 00 00 00 00|10|                |
20|00 00 00 00 00 00 00 00 00 00 00 00 00 00 00 00|20|                |
30|00 00 00 00 00 00 00 00 00 00 00 00 00 00 00 00|30|                |
40|00 00 00 00 00 00 00 00 00 00 00 00 00 00 00 00|40|                |
50|00 00 00 00 00 00 10 00 00 00 20 00 00 00 00 00|50|                |
60|00 00 00 00 00 00 00 00 00 02 00 00 00 00 00 00|60|                |
70|00 00 00 08 00 00 00 00 00 00 10 00 00 00 00 00|70|                |
80|80 00 00 00 80 00 00 00 6f d7 a9 b3 52 26 87 40|80|        o   R& @|
90|                                               |90|                |
a0|                                               |a0|                |
b0|                                               |b0|                |
c0|                                               |c0|                |
d0|                                               |d0|                |
e0|                                               |e0|                |
f0|                                               |f0|                |
  +-----------------------------------------------+  +----------------+



Translation map:
Offset: 0x0
   00 01 02 03 04 05 06 07 08 09 0a 0b 0c 0d 0e 0f    0...4...8...c...
  +-----------------------------------------------+  +----------------+
00|00 00 00 00 01 00 00 00 02 00 00 00 03 00 00 00|00|                |
10|04 00 00 00 05 00 00 00 06 00 00 00 07 00 00 00|10|                |
20|08 00 00 00 09 00 00 00 0a 00 00 00 0b 00 00 00|20|                |
30|0c 00 00 00 0d 00 00 00 0e 00 00 00 0f 00 00 00|30|                |
40|10 00 00 00 11 00 00 00 12 00 00 00 13 00 00 00|40|                |
50|14 00 00 00 15 00 00 00 16 00 00 00 17 00 00 00|50|                |
60|18 00 00 00 19 00 00 00 1a 00 00 00 1b 00 00 00|60|                |
70|1c 00 00 00 1d 00 00 00 1e 00 00 00 1f 00 00 00|70|                |
80|20 00 00 00 21 00 00 00 22 00 00 00 23 00 00 00|80|    !   "   #   |
90|24 00 00 00 25 00 00 00 26 00 00 00 27 00 00 00|90|$   %   &   '   |
a0|28 00 00 00 29 00 00 00 2a 00 00 00 2b 00 00 00|a0|(   )   *   +   |
b0|2c 00 00 00 2d 00 00 00 2e 00 00 00 2f 00 00 00|b0|,   -   .   /   |
c0|30 00 00 00 31 00 00 00 32 00 00 00 33 00 00 00|c0|0   1   2   3   |
d0|34 00 00 00 35 00 00 00 36 00 00 00 37 00 00 00|d0|4   5   6   7   |
e0|38 00 00 00 39 00 00 00 3a 00 00 00 3b 00 00 00|e0|8   9   :   ;   |
f0|3c 00 00 00 3d 00 00 00 3e 00 00 00 3f 00 00 00|f0|<   =   >   ?   |
  +-----------------------------------------------+  +----------------+

Offset: 0x100
   00 01 02 03 04 05 06 07 08 09 0a 0b 0c 0d 0e 0f    0...4...8...c...
  +-----------------------------------------------+  +----------------+
00|40 00 00 00 41 00 00 00 42 00 00 00 43 00 00 00|00|@   A   B   C   |
10|44 00 00 00 45 00 00 00 46 00 00 00 47 00 00 00|10|D   E   F   G   |
20|48 00 00 00 49 00 00 00 4a 00 00 00 4b 00 00 00|20|H   I   J   K   |
30|4c 00 00 00 4d 00 00 00 4e 00 00 00 4f 00 00 00|30|L   M   N   O   |
40|50 00 00 00 51 00 00 00 52 00 00 00 53 00 00 00|40|P   Q   R   S   |
50|54 00 00 00 55 00 00 00 56 00 00 00 57 00 00 00|50|T   U   V   W   |
60|58 00 00 00 59 00 00 00 5a 00 00 00 5b 00 00 00|60|X   Y   Z   [   |
70|5c 00 00 00 5d 00 00 00 5e 00 00 00 5f 00 00 00|70|\   ]   ^   _   |
80|60 00 00 00 61 00 00 00 62 00 00 00 63 00 00 00|80|`   a   b   c   |
90|64 00 00 00 65 00 00 00 66 00 00 00 67 00 00 00|90|d   e   f   g   |
a0|68 00 00 00 69 00 00 00 6a 00 00 00 6b 00 00 00|a0|h   i   j   k   |
b0|6c 00 00 00 6d 00 00 00 6e 00 00 00 6f 00 00 00|b0|l   m   n   o   |
c0|70 00 00 00 71 00 00 00 72 00 00 00 73 00 00 00|c0|p   q   r   s   |
d0|74 00 00 00 75 00 00 00 76 00 00 00 77 00 00 00|d0|t   u   v   w   |
e0|78 00 00 00 79 00 00 00 7a 00 00 00 7b 00 00 00|e0|x   y   z   {   |
f0|7c 00 00 00 7d 00 00 00 7e 00 00 00 7f 00 00 00|f0||   }   ~       |
  +-----------------------------------------------+  +----------------+



Partition table from Master Boot Record:
Offset: 0x100
   00 01 02 03 04 05 06 07 08 09 0a 0b 0c 0d 0e 0f    0...4...8...c...
  +-----------------------------------------------+  +----------------+
00|                                               |00|                |
10|                                               |10|                |
20|                                               |20|                |
30|                                               |30|                |
40|                                               |40|                |
50|                                               |50|                |
60|                                               |60|                |
70|                                               |70|                |
80|                                               |80|                |
90|                                               |90|                |
a0|                                               |a0|                |
b0|                                          00 04|b0|                |
c0|01 04 83 01 82 02 00 08 00 00 00 f8 03 00 00 00|c0|                |
d0|00 00 00 00 00 00 00 00 00 00 00 00 00 00 00 00|d0|                |
e0|00 00 00 00 00 00 00 00 00 00 00 00 00 00 00 00|e0|                |
f0|00 00 00 00 00 00 00 00 00 00 00 00 00 00      |f0|                |
  +-----------------------------------------------+  +----------------+

===============================================================================
===============================================================================
===============================================================================


Output from good-fixed-2k.vdi:

Dump of VDI header:
      Image name: [<<< Oracle VM VirtualBox Disk Image >>>
                        ]
       Signature: 0xbeda107f
         Version: 1.01
     Header size: 0x00000190  400
      Image type: 0x00000002
           Flags: 0x00000000
     Virtual CHS: 0-0-0
     Sector size: 0x00000200  512
     Logical CHS: 260-16-63
     Sector size: 0x00000200  512
      Map offset: 0x00100000  1048576
    Frame offset: 0x00200000  2097152
      Frame size: 0x00100000  1048576
Extra frame size: 0x00000000  0
    Total frames: 0x00000080  128
Frames allocated: 0x00000080  128
       Disk size: 0x0000000008000000  134217728
            UUID: 104eb224-3a0d-bc48-807b-60e85e64c491
  Last snap UUID: 69962bf4-3c9b-144d-8c9a-1c2f61d430f6
       Link UUID: 00000000-0000-0000-0000-000000000000
     Parent UUID: 00000000-0000-0000-0000-000000000000
   Image comment:
Offset: 0x54
   00 01 02 03 04 05 06 07 08 09 0a 0b 0c 0d 0e 0f    0...4...8...c...
  +-----------------------------------------------+  +----------------+
00|00 00 00 00 00 00 00 00 00 00 00 00 00 00 00 00|00|                |
10|00 00 00 00 00 00 00 00 00 00 00 00 00 00 00 00|10|                |
20|00 00 00 00 00 00 00 00 00 00 00 00 00 00 00 00|20|                |
30|00 00 00 00 00 00 00 00 00 00 00 00 00 00 00 00|30|                |
40|00 00 00 00 00 00 00 00 00 00 00 00 00 00 00 00|40|                |
50|00 00 00 00 00 00 00 00 00 00 00 00 00 00 00 00|50|                |
60|00 00 00 00 00 00 00 00 00 00 00 00 00 00 00 00|60|                |
70|00 00 00 00 00 00 00 00 00 00 00 00 00 00 00 00|70|                |
80|00 00 00 00 00 00 00 00 00 00 00 00 00 00 00 00|80|                |
90|00 00 00 00 00 00 00 00 00 00 00 00 00 00 00 00|90|                |
a0|00 00 00 00 00 00 00 00 00 00 00 00 00 00 00 00|a0|                |
b0|00 00 00 00 00 00 00 00 00 00 00 00 00 00 00 00|b0|                |
c0|00 00 00 00 00 00 00 00 00 00 00 00 00 00 00 00|c0|                |
d0|00 00 00 00 00 00 00 00 00 00 00 00 00 00 00 00|d0|                |
e0|00 00 00 00 00 00 00 00 00 00 00 00 00 00 00 00|e0|                |
f0|00 00 00 00 00 00 00 00 00 00 00 00 00 00 00 00|f0|                |
  +-----------------------------------------------+  +----------------+

          Unused: 0


Header in binary:
Offset: 0x0
   00 01 02 03 04 05 06 07 08 09 0a 0b 0c 0d 0e 0f    0...4...8...c...
  +-----------------------------------------------+  +----------------+
00|3c 3c 3c 20 4f 72 61 63 6c 65 20 56 4d 20 56 69|00|<<< Oracle VM Vi|
10|72 74 75 61 6c 42 6f 78 20 44 69 73 6b 20 49 6d|10|rtualBox Disk Im|
20|61 67 65 20 3e 3e 3e 0a 00 00 00 00 00 00 00 00|20|age >>>         |
30|00 00 00 00 00 00 00 00 00 00 00 00 00 00 00 00|30|                |
40|7f 10 da be 01 00 01 00 90 01 00 00 02 00 00 00|40|                |
50|00 00 00 00 00 00 00 00 00 00 00 00 00 00 00 00|50|                |
60|00 00 00 00 00 00 00 00 00 00 00 00 00 00 00 00|60|                |
70|00 00 00 00 00 00 00 00 00 00 00 00 00 00 00 00|70|                |
80|00 00 00 00 00 00 00 00 00 00 00 00 00 00 00 00|80|                |
90|00 00 00 00 00 00 00 00 00 00 00 00 00 00 00 00|90|                |
a0|00 00 00 00 00 00 00 00 00 00 00 00 00 00 00 00|a0|                |
b0|00 00 00 00 00 00 00 00 00 00 00 00 00 00 00 00|b0|                |
c0|00 00 00 00 00 00 00 00 00 00 00 00 00 00 00 00|c0|                |
d0|00 00 00 00 00 00 00 00 00 00 00 00 00 00 00 00|d0|                |
e0|00 00 00 00 00 00 00 00 00 00 00 00 00 00 00 00|e0|                |
f0|00 00 00 00 00 00 00 00 00 00 00 00 00 00 00 00|f0|                |
  +-----------------------------------------------+  +----------------+

Offset: 0x100
   00 01 02 03 04 05 06 07 08 09 0a 0b 0c 0d 0e 0f    0...4...8...c...
  +-----------------------------------------------+  +----------------+
00|00 00 00 00 00 00 00 00 00 00 00 00 00 00 00 00|00|                |
10|00 00 00 00 00 00 00 00 00 00 00 00 00 00 00 00|10|                |
20|00 00 00 00 00 00 00 00 00 00 00 00 00 00 00 00|20|                |
30|00 00 00 00 00 00 00 00 00 00 00 00 00 00 00 00|30|                |
40|00 00 00 00 00 00 00 00 00 00 00 00 00 00 00 00|40|                |
50|00 00 00 00 00 00 10 00 00 00 20 00 00 00 00 00|50|                |
60|00 00 00 00 00 00 00 00 00 02 00 00 00 00 00 00|60|                |
70|00 00 00 08 00 00 00 00 00 00 10 00 00 00 00 00|70|                |
80|80 00 00 00 80 00 00 00 10 4e b2 24 3a 0d bc 48|80|         N $:  H|
90|                                               |90|                |
a0|                                               |a0|                |
b0|                                               |b0|                |
c0|                                               |c0|                |
d0|                                               |d0|                |
e0|                                               |e0|                |
f0|                                               |f0|                |
  +-----------------------------------------------+  +----------------+



Translation map:
Offset: 0x0
   00 01 02 03 04 05 06 07 08 09 0a 0b 0c 0d 0e 0f    0...4...8...c...
  +-----------------------------------------------+  +----------------+
00|00 00 00 00 01 00 00 00 02 00 00 00 03 00 00 00|00|                |
10|04 00 00 00 05 00 00 00 06 00 00 00 07 00 00 00|10|                |
20|08 00 00 00 09 00 00 00 0a 00 00 00 0b 00 00 00|20|                |
30|0c 00 00 00 0d 00 00 00 0e 00 00 00 0f 00 00 00|30|                |
40|10 00 00 00 11 00 00 00 12 00 00 00 13 00 00 00|40|                |
50|14 00 00 00 15 00 00 00 16 00 00 00 17 00 00 00|50|                |
60|18 00 00 00 19 00 00 00 1a 00 00 00 1b 00 00 00|60|                |
70|1c 00 00 00 1d 00 00 00 1e 00 00 00 1f 00 00 00|70|                |
80|20 00 00 00 21 00 00 00 22 00 00 00 23 00 00 00|80|    !   "   #   |
90|24 00 00 00 25 00 00 00 26 00 00 00 27 00 00 00|90|$   %   &   '   |
a0|28 00 00 00 29 00 00 00 2a 00 00 00 2b 00 00 00|a0|(   )   *   +   |
b0|2c 00 00 00 2d 00 00 00 2e 00 00 00 2f 00 00 00|b0|,   -   .   /   |
c0|30 00 00 00 31 00 00 00 32 00 00 00 33 00 00 00|c0|0   1   2   3   |
d0|34 00 00 00 35 00 00 00 36 00 00 00 37 00 00 00|d0|4   5   6   7   |
e0|38 00 00 00 39 00 00 00 3a 00 00 00 3b 00 00 00|e0|8   9   :   ;   |
f0|3c 00 00 00 3d 00 00 00 3e 00 00 00 3f 00 00 00|f0|<   =   >   ?   |
  +-----------------------------------------------+  +----------------+

Offset: 0x100
   00 01 02 03 04 05 06 07 08 09 0a 0b 0c 0d 0e 0f    0...4...8...c...
  +-----------------------------------------------+  +----------------+
00|40 00 00 00 41 00 00 00 42 00 00 00 43 00 00 00|00|@   A   B   C   |
10|44 00 00 00 45 00 00 00 46 00 00 00 47 00 00 00|10|D   E   F   G   |
20|48 00 00 00 49 00 00 00 4a 00 00 00 4b 00 00 00|20|H   I   J   K   |
30|4c 00 00 00 4d 00 00 00 4e 00 00 00 4f 00 00 00|30|L   M   N   O   |
40|50 00 00 00 51 00 00 00 52 00 00 00 53 00 00 00|40|P   Q   R   S   |
50|54 00 00 00 55 00 00 00 56 00 00 00 57 00 00 00|50|T   U   V   W   |
60|58 00 00 00 59 00 00 00 5a 00 00 00 5b 00 00 00|60|X   Y   Z   [   |
70|5c 00 00 00 5d 00 00 00 5e 00 00 00 5f 00 00 00|70|\   ]   ^   _   |
80|60 00 00 00 61 00 00 00 62 00 00 00 63 00 00 00|80|`   a   b   c   |
90|64 00 00 00 65 00 00 00 66 00 00 00 67 00 00 00|90|d   e   f   g   |
a0|68 00 00 00 69 00 00 00 6a 00 00 00 6b 00 00 00|a0|h   i   j   k   |
b0|6c 00 00 00 6d 00 00 00 6e 00 00 00 6f 00 00 00|b0|l   m   n   o   |
c0|70 00 00 00 71 00 00 00 72 00 00 00 73 00 00 00|c0|p   q   r   s   |
d0|74 00 00 00 75 00 00 00 76 00 00 00 77 00 00 00|d0|t   u   v   w   |
e0|78 00 00 00 79 00 00 00 7a 00 00 00 7b 00 00 00|e0|x   y   z   {   |
f0|7c 00 00 00 7d 00 00 00 7e 00 00 00 7f 00 00 00|f0||   }   ~       |
  +-----------------------------------------------+  +----------------+



Partition table from Master Boot Record:
Offset: 0x100
   00 01 02 03 04 05 06 07 08 09 0a 0b 0c 0d 0e 0f    0...4...8...c...
  +-----------------------------------------------+  +----------------+
00|                                               |00|                |
10|                                               |10|                |
20|                                               |20|                |
30|                                               |30|                |
40|                                               |40|                |
50|                                               |50|                |
60|                                               |60|                |
70|                                               |70|                |
80|                                               |80|                |
90|                                               |90|                |
a0|                                               |a0|                |
b0|                                          00 04|b0|                |
c0|01 04 83 01 82 02 00 08 00 00 00 f8 03 00 00 00|c0|                |
d0|00 00 00 00 00 00 00 00 00 00 00 00 00 00 00 00|d0|                |
e0|00 00 00 00 00 00 00 00 00 00 00 00 00 00 00 00|e0|                |
f0|00 00 00 00 00 00 00 00 00 00 00 00 00 00      |f0|                |
  +-----------------------------------------------+  +----------------+

===============================================================================
===============================================================================
===============================================================================


Output from good-fixed-4k.vdi:

Dump of VDI header:
      Image name: [<<< Oracle VM VirtualBox Disk Image >>>
                        ]
       Signature: 0xbeda107f
         Version: 1.01
     Header size: 0x00000190  400
      Image type: 0x00000002
           Flags: 0x00000000
     Virtual CHS: 0-0-0
     Sector size: 0x00000200  512
     Logical CHS: 0-0-0
     Sector size: 0x00000200  512
      Map offset: 0x00100000  1048576
    Frame offset: 0x00200000  2097152
      Frame size: 0x00100000  1048576
Extra frame size: 0x00000000  0
    Total frames: 0x00000080  128
Frames allocated: 0x00000080  128
       Disk size: 0x0000000008000000  134217728
            UUID: 6bc77719-e98c-fa4d-928a-9d416cafb2cc
  Last snap UUID: 23d0d05b-6550-ba40-9667-722bcb8fbace
       Link UUID: 00000000-0000-0000-0000-000000000000
     Parent UUID: 00000000-0000-0000-0000-000000000000
   Image comment:
Offset: 0x54
   00 01 02 03 04 05 06 07 08 09 0a 0b 0c 0d 0e 0f    0...4...8...c...
  +-----------------------------------------------+  +----------------+
00|00 00 00 00 00 00 00 00 00 00 00 00 00 00 00 00|00|                |
10|00 00 00 00 00 00 00 00 00 00 00 00 00 00 00 00|10|                |
20|00 00 00 00 00 00 00 00 00 00 00 00 00 00 00 00|20|                |
30|00 00 00 00 00 00 00 00 00 00 00 00 00 00 00 00|30|                |
40|00 00 00 00 00 00 00 00 00 00 00 00 00 00 00 00|40|                |
50|00 00 00 00 00 00 00 00 00 00 00 00 00 00 00 00|50|                |
60|00 00 00 00 00 00 00 00 00 00 00 00 00 00 00 00|60|                |
70|00 00 00 00 00 00 00 00 00 00 00 00 00 00 00 00|70|                |
80|00 00 00 00 00 00 00 00 00 00 00 00 00 00 00 00|80|                |
90|00 00 00 00 00 00 00 00 00 00 00 00 00 00 00 00|90|                |
a0|00 00 00 00 00 00 00 00 00 00 00 00 00 00 00 00|a0|                |
b0|00 00 00 00 00 00 00 00 00 00 00 00 00 00 00 00|b0|                |
c0|00 00 00 00 00 00 00 00 00 00 00 00 00 00 00 00|c0|                |
d0|00 00 00 00 00 00 00 00 00 00 00 00 00 00 00 00|d0|                |
e0|00 00 00 00 00 00 00 00 00 00 00 00 00 00 00 00|e0|                |
f0|00 00 00 00 00 00 00 00 00 00 00 00 00 00 00 00|f0|                |
  +-----------------------------------------------+  +----------------+

          Unused: 0


Header in binary:
Offset: 0x0
   00 01 02 03 04 05 06 07 08 09 0a 0b 0c 0d 0e 0f    0...4...8...c...
  +-----------------------------------------------+  +----------------+
00|3c 3c 3c 20 4f 72 61 63 6c 65 20 56 4d 20 56 69|00|<<< Oracle VM Vi|
10|72 74 75 61 6c 42 6f 78 20 44 69 73 6b 20 49 6d|10|rtualBox Disk Im|
20|61 67 65 20 3e 3e 3e 0a 00 00 00 00 00 00 00 00|20|age >>>         |
30|00 00 00 00 00 00 00 00 00 00 00 00 00 00 00 00|30|                |
40|7f 10 da be 01 00 01 00 90 01 00 00 02 00 00 00|40|                |
50|00 00 00 00 00 00 00 00 00 00 00 00 00 00 00 00|50|                |
60|00 00 00 00 00 00 00 00 00 00 00 00 00 00 00 00|60|                |
70|00 00 00 00 00 00 00 00 00 00 00 00 00 00 00 00|70|                |
80|00 00 00 00 00 00 00 00 00 00 00 00 00 00 00 00|80|                |
90|00 00 00 00 00 00 00 00 00 00 00 00 00 00 00 00|90|                |
a0|00 00 00 00 00 00 00 00 00 00 00 00 00 00 00 00|a0|                |
b0|00 00 00 00 00 00 00 00 00 00 00 00 00 00 00 00|b0|                |
c0|00 00 00 00 00 00 00 00 00 00 00 00 00 00 00 00|c0|                |
d0|00 00 00 00 00 00 00 00 00 00 00 00 00 00 00 00|d0|                |
e0|00 00 00 00 00 00 00 00 00 00 00 00 00 00 00 00|e0|                |
f0|00 00 00 00 00 00 00 00 00 00 00 00 00 00 00 00|f0|                |
  +-----------------------------------------------+  +----------------+

Offset: 0x100
   00 01 02 03 04 05 06 07 08 09 0a 0b 0c 0d 0e 0f    0...4...8...c...
  +-----------------------------------------------+  +----------------+
00|00 00 00 00 00 00 00 00 00 00 00 00 00 00 00 00|00|                |
10|00 00 00 00 00 00 00 00 00 00 00 00 00 00 00 00|10|                |
20|00 00 00 00 00 00 00 00 00 00 00 00 00 00 00 00|20|                |
30|00 00 00 00 00 00 00 00 00 00 00 00 00 00 00 00|30|                |
40|00 00 00 00 00 00 00 00 00 00 00 00 00 00 00 00|40|                |
50|00 00 00 00 00 00 10 00 00 00 20 00 00 00 00 00|50|                |
60|00 00 00 00 00 00 00 00 00 02 00 00 00 00 00 00|60|                |
70|00 00 00 08 00 00 00 00 00 00 10 00 00 00 00 00|70|                |
80|80 00 00 00 80 00 00 00 6b c7 77 19 e9 8c fa 4d|80|        k w    M|
90|                                               |90|                |
a0|                                               |a0|                |
b0|                                               |b0|                |
c0|                                               |c0|                |
d0|                                               |d0|                |
e0|                                               |e0|                |
f0|                                               |f0|                |
  +-----------------------------------------------+  +----------------+



Translation map:
Offset: 0x0
   00 01 02 03 04 05 06 07 08 09 0a 0b 0c 0d 0e 0f    0...4...8...c...
  +-----------------------------------------------+  +----------------+
00|00 00 00 00 01 00 00 00 02 00 00 00 03 00 00 00|00|                |
10|04 00 00 00 05 00 00 00 06 00 00 00 07 00 00 00|10|                |
20|08 00 00 00 09 00 00 00 0a 00 00 00 0b 00 00 00|20|                |
30|0c 00 00 00 0d 00 00 00 0e 00 00 00 0f 00 00 00|30|                |
40|10 00 00 00 11 00 00 00 12 00 00 00 13 00 00 00|40|                |
50|14 00 00 00 15 00 00 00 16 00 00 00 17 00 00 00|50|                |
60|18 00 00 00 19 00 00 00 1a 00 00 00 1b 00 00 00|60|                |
70|1c 00 00 00 1d 00 00 00 1e 00 00 00 1f 00 00 00|70|                |
80|20 00 00 00 21 00 00 00 22 00 00 00 23 00 00 00|80|    !   "   #   |
90|24 00 00 00 25 00 00 00 26 00 00 00 27 00 00 00|90|$   %   &   '   |
a0|28 00 00 00 29 00 00 00 2a 00 00 00 2b 00 00 00|a0|(   )   *   +   |
b0|2c 00 00 00 2d 00 00 00 2e 00 00 00 2f 00 00 00|b0|,   -   .   /   |
c0|30 00 00 00 31 00 00 00 32 00 00 00 33 00 00 00|c0|0   1   2   3   |
d0|34 00 00 00 35 00 00 00 36 00 00 00 37 00 00 00|d0|4   5   6   7   |
e0|38 00 00 00 39 00 00 00 3a 00 00 00 3b 00 00 00|e0|8   9   :   ;   |
f0|3c 00 00 00 3d 00 00 00 3e 00 00 00 3f 00 00 00|f0|<   =   >   ?   |
  +-----------------------------------------------+  +----------------+

Offset: 0x100
   00 01 02 03 04 05 06 07 08 09 0a 0b 0c 0d 0e 0f    0...4...8...c...
  +-----------------------------------------------+  +----------------+
00|40 00 00 00 41 00 00 00 42 00 00 00 43 00 00 00|00|@   A   B   C   |
10|44 00 00 00 45 00 00 00 46 00 00 00 47 00 00 00|10|D   E   F   G   |
20|48 00 00 00 49 00 00 00 4a 00 00 00 4b 00 00 00|20|H   I   J   K   |
30|4c 00 00 00 4d 00 00 00 4e 00 00 00 4f 00 00 00|30|L   M   N   O   |
40|50 00 00 00 51 00 00 00 52 00 00 00 53 00 00 00|40|P   Q   R   S   |
50|54 00 00 00 55 00 00 00 56 00 00 00 57 00 00 00|50|T   U   V   W   |
60|58 00 00 00 59 00 00 00 5a 00 00 00 5b 00 00 00|60|X   Y   Z   [   |
70|5c 00 00 00 5d 00 00 00 5e 00 00 00 5f 00 00 00|70|\   ]   ^   _   |
80|60 00 00 00 61 00 00 00 62 00 00 00 63 00 00 00|80|`   a   b   c   |
90|64 00 00 00 65 00 00 00 66 00 00 00 67 00 00 00|90|d   e   f   g   |
a0|68 00 00 00 69 00 00 00 6a 00 00 00 6b 00 00 00|a0|h   i   j   k   |
b0|6c 00 00 00 6d 00 00 00 6e 00 00 00 6f 00 00 00|b0|l   m   n   o   |
c0|70 00 00 00 71 00 00 00 72 00 00 00 73 00 00 00|c0|p   q   r   s   |
d0|74 00 00 00 75 00 00 00 76 00 00 00 77 00 00 00|d0|t   u   v   w   |
e0|78 00 00 00 79 00 00 00 7a 00 00 00 7b 00 00 00|e0|x   y   z   {   |
f0|7c 00 00 00 7d 00 00 00 7e 00 00 00 7f 00 00 00|f0||   }   ~       |
  +-----------------------------------------------+  +----------------+



Partition table from Master Boot Record:
Offset: 0x100
   00 01 02 03 04 05 06 07 08 09 0a 0b 0c 0d 0e 0f    0...4...8...c...
  +-----------------------------------------------+  +----------------+
00|                                               |00|                |
10|                                               |10|                |
20|                                               |20|                |
30|                                               |30|                |
40|                                               |40|                |
50|                                               |50|                |
60|                                               |60|                |
70|                                               |70|                |
80|                                               |80|                |
90|                                               |90|                |
a0|                                               |a0|                |
b0|                                          00 04|b0|                |
c0|01 04 83 01 82 02 00 08 00 00 00 f8 03 00 00 00|c0|                |
d0|00 00 00 00 00 00 00 00 00 00 00 00 00 00 00 00|d0|                |
e0|00 00 00 00 00 00 00 00 00 00 00 00 00 00 00 00|e0|                |
f0|00 00 00 00 00 00 00 00 00 00 00 00 00 00      |f0|                |
  +-----------------------------------------------+  +----------------+

===============================================================================
===============================================================================
===============================================================================


Output from good-dynamic-1k.vdi:

Dump of VDI header:
      Image name: [<<< Oracle VM VirtualBox Disk Image >>>
                        ]
       Signature: 0xbeda107f
         Version: 1.01
     Header size: 0x00000190  400
      Image type: 0x00000001
           Flags: 0x00000000
     Virtual CHS: 0-0-0
     Sector size: 0x00000200  512
     Logical CHS: 0-0-0
     Sector size: 0x00000200  512
      Map offset: 0x00100000  1048576
    Frame offset: 0x00200000  2097152
      Frame size: 0x00100000  1048576
Extra frame size: 0x00000000  0
    Total frames: 0x00000080  128
Frames allocated: 0x00000078  120
       Disk size: 0x0000000008000000  134217728
            UUID: cdcfea4f-60db-4243-977d-85e8cabe2b00
  Last snap UUID: 9c75e6da-99b7-db4b-af7f-9c0bdd45703c
       Link UUID: 00000000-0000-0000-0000-000000000000
     Parent UUID: 00000000-0000-0000-0000-000000000000
   Image comment:
Offset: 0x54
   00 01 02 03 04 05 06 07 08 09 0a 0b 0c 0d 0e 0f    0...4...8...c...
  +-----------------------------------------------+  +----------------+
00|00 00 00 00 00 00 00 00 00 00 00 00 00 00 00 00|00|                |
10|00 00 00 00 00 00 00 00 00 00 00 00 00 00 00 00|10|                |
20|00 00 00 00 00 00 00 00 00 00 00 00 00 00 00 00|20|                |
30|00 00 00 00 00 00 00 00 00 00 00 00 00 00 00 00|30|                |
40|00 00 00 00 00 00 00 00 00 00 00 00 00 00 00 00|40|                |
50|00 00 00 00 00 00 00 00 00 00 00 00 00 00 00 00|50|                |
60|00 00 00 00 00 00 00 00 00 00 00 00 00 00 00 00|60|                |
70|00 00 00 00 00 00 00 00 00 00 00 00 00 00 00 00|70|                |
80|00 00 00 00 00 00 00 00 00 00 00 00 00 00 00 00|80|                |
90|00 00 00 00 00 00 00 00 00 00 00 00 00 00 00 00|90|                |
a0|00 00 00 00 00 00 00 00 00 00 00 00 00 00 00 00|a0|                |
b0|00 00 00 00 00 00 00 00 00 00 00 00 00 00 00 00|b0|                |
c0|00 00 00 00 00 00 00 00 00 00 00 00 00 00 00 00|c0|                |
d0|00 00 00 00 00 00 00 00 00 00 00 00 00 00 00 00|d0|                |
e0|00 00 00 00 00 00 00 00 00 00 00 00 00 00 00 00|e0|                |
f0|00 00 00 00 00 00 00 00 00 00 00 00 00 00 00 00|f0|                |
  +-----------------------------------------------+  +----------------+

          Unused: 0


Header in binary:
Offset: 0x0
   00 01 02 03 04 05 06 07 08 09 0a 0b 0c 0d 0e 0f    0...4...8...c...
  +-----------------------------------------------+  +----------------+
00|3c 3c 3c 20 4f 72 61 63 6c 65 20 56 4d 20 56 69|00|<<< Oracle VM Vi|
10|72 74 75 61 6c 42 6f 78 20 44 69 73 6b 20 49 6d|10|rtualBox Disk Im|
20|61 67 65 20 3e 3e 3e 0a 00 00 00 00 00 00 00 00|20|age >>>         |
30|00 00 00 00 00 00 00 00 00 00 00 00 00 00 00 00|30|                |
40|7f 10 da be 01 00 01 00 90 01 00 00 01 00 00 00|40|                |
50|00 00 00 00 00 00 00 00 00 00 00 00 00 00 00 00|50|                |
60|00 00 00 00 00 00 00 00 00 00 00 00 00 00 00 00|60|                |
70|00 00 00 00 00 00 00 00 00 00 00 00 00 00 00 00|70|                |
80|00 00 00 00 00 00 00 00 00 00 00 00 00 00 00 00|80|                |
90|00 00 00 00 00 00 00 00 00 00 00 00 00 00 00 00|90|                |
a0|00 00 00 00 00 00 00 00 00 00 00 00 00 00 00 00|a0|                |
b0|00 00 00 00 00 00 00 00 00 00 00 00 00 00 00 00|b0|                |
c0|00 00 00 00 00 00 00 00 00 00 00 00 00 00 00 00|c0|                |
d0|00 00 00 00 00 00 00 00 00 00 00 00 00 00 00 00|d0|                |
e0|00 00 00 00 00 00 00 00 00 00 00 00 00 00 00 00|e0|                |
f0|00 00 00 00 00 00 00 00 00 00 00 00 00 00 00 00|f0|                |
  +-----------------------------------------------+  +----------------+

Offset: 0x100
   00 01 02 03 04 05 06 07 08 09 0a 0b 0c 0d 0e 0f    0...4...8...c...
  +-----------------------------------------------+  +----------------+
00|00 00 00 00 00 00 00 00 00 00 00 00 00 00 00 00|00|                |
10|00 00 00 00 00 00 00 00 00 00 00 00 00 00 00 00|10|                |
20|00 00 00 00 00 00 00 00 00 00 00 00 00 00 00 00|20|                |
30|00 00 00 00 00 00 00 00 00 00 00 00 00 00 00 00|30|                |
40|00 00 00 00 00 00 00 00 00 00 00 00 00 00 00 00|40|                |
50|00 00 00 00 00 00 10 00 00 00 20 00 00 00 00 00|50|                |
60|00 00 00 00 00 00 00 00 00 02 00 00 00 00 00 00|60|                |
70|00 00 00 08 00 00 00 00 00 00 10 00 00 00 00 00|70|                |
80|80 00 00 00 78 00 00 00 cd cf ea 4f 60 db 42 43|80|    x      O` BC|
90|                                               |90|                |
a0|                                               |a0|                |
b0|                                               |b0|                |
c0|                                               |c0|                |
d0|                                               |d0|                |
e0|                                               |e0|                |
f0|                                               |f0|                |
  +-----------------------------------------------+  +----------------+



Translation map:
Offset: 0x0
   00 01 02 03 04 05 06 07 08 09 0a 0b 0c 0d 0e 0f    0...4...8...c...
  +-----------------------------------------------+  +----------------+
00|00 00 00 00 01 00 00 00 ff ff ff ff 3d 00 00 00|00|            =   |
10|3e 00 00 00 37 00 00 00 38 00 00 00 39 00 00 00|10|>   7   8   9   |
20|3f 00 00 00 02 00 00 00 ff ff ff ff 3a 00 00 00|20|?           :   |
30|3b 00 00 00 3c 00 00 00 40 00 00 00 41 00 00 00|30|;   <   @   A   |
40|42 00 00 00 03 00 00 00 ff ff ff ff 46 00 00 00|40|B           F   |
50|47 00 00 00 43 00 00 00 44 00 00 00 45 00 00 00|50|G   C   D   E   |
60|48 00 00 00 04 00 00 00 ff ff ff ff 49 00 00 00|60|H           I   |
70|4a 00 00 00 4b 00 00 00 4c 00 00 00 4d 00 00 00|70|J   K   L   M   |
80|4e 00 00 00 05 00 00 00 74 00 00 00 52 00 00 00|80|N       t   R   |
90|53 00 00 00 4f 00 00 00 50 00 00 00 51 00 00 00|90|S   O   P   Q   |
a0|54 00 00 00 06 00 00 00 ff ff ff ff 55 00 00 00|a0|T           U   |
b0|56 00 00 00 57 00 00 00 58 00 00 00 59 00 00 00|b0|V   W   X   Y   |
c0|5a 00 00 00 07 00 00 00 75 00 00 00 5e 00 00 00|c0|Z       u   ^   |
d0|5f 00 00 00 5b 00 00 00 5c 00 00 00 5d 00 00 00|d0|_   [   \   ]   |
e0|60 00 00 00 08 00 00 00 76 00 00 00 61 00 00 00|e0|`       v   a   |
f0|62 00 00 00 63 00 00 00 64 00 00 00 65 00 00 00|f0|b   c   d   e   |
  +-----------------------------------------------+  +----------------+

Offset: 0x100
   00 01 02 03 04 05 06 07 08 09 0a 0b 0c 0d 0e 0f    0...4...8...c...
  +-----------------------------------------------+  +----------------+
00|66 00 00 00 09 00 00 00 77 00 00 00 6a 00 00 00|00|f       w   j   |
10|6b 00 00 00 67 00 00 00 68 00 00 00 69 00 00 00|10|k   g   h   i   |
20|6c 00 00 00 0a 00 00 00 ff ff ff ff 6d 00 00 00|20|l           m   |
30|6e 00 00 00 6f 00 00 00 70 00 00 00 71 00 00 00|30|n   o   p   q   |
40|72 00 00 00 0b 00 00 00 11 00 00 00 13 00 00 00|40|r               |
50|14 00 00 00 15 00 00 00 1e 00 00 00 1c 00 00 00|50|                |
60|1d 00 00 00 0d 00 00 00 12 00 00 00 16 00 00 00|60|                |
70|17 00 00 00 18 00 00 00 19 00 00 00 1a 00 00 00|70|                |
80|1b 00 00 00 0e 00 00 00 1f 00 00 00 20 00 00 00|80|                |
90|21 00 00 00 22 00 00 00 23 00 00 00 24 00 00 00|90|!   "   #   $   |
a0|25 00 00 00 0f 00 00 00 ff ff ff ff 26 00 00 00|a0|%           &   |
b0|27 00 00 00 28 00 00 00 29 00 00 00 2a 00 00 00|b0|'   (   )   *   |
c0|2b 00 00 00 10 00 00 00 ff ff ff ff 2f 00 00 00|c0|+           /   |
d0|30 00 00 00 2c 00 00 00 2d 00 00 00 2e 00 00 00|d0|0   ,   -   .   |
e0|31 00 00 00 0c 00 00 00 73 00 00 00 32 00 00 00|e0|1       s   2   |
f0|33 00 00 00 34 00 00 00 35 00 00 00 36 00 00 00|f0|3   4   5   6   |
  +-----------------------------------------------+  +----------------+



Partition table from Master Boot Record:
Offset: 0x100
   00 01 02 03 04 05 06 07 08 09 0a 0b 0c 0d 0e 0f    0...4...8...c...
  +-----------------------------------------------+  +----------------+
00|                                               |00|                |
10|                                               |10|                |
20|                                               |20|                |
30|                                               |30|                |
40|                                               |40|                |
50|                                               |50|                |
60|                                               |60|                |
70|                                               |70|                |
80|                                               |80|                |
90|                                               |90|                |
a0|                                               |a0|                |
b0|                                          00 04|b0|                |
c0|01 04 83 01 82 02 00 08 00 00 00 f8 03 00 00 00|c0|                |
d0|00 00 00 00 00 00 00 00 00 00 00 00 00 00 00 00|d0|                |
e0|00 00 00 00 00 00 00 00 00 00 00 00 00 00 00 00|e0|                |
f0|00 00 00 00 00 00 00 00 00 00 00 00 00 00      |f0|                |
  +-----------------------------------------------+  +----------------+

===============================================================================
===============================================================================
===============================================================================


Output from good-dynamic-2k.vdi:

Dump of VDI header:
      Image name: [<<< Oracle VM VirtualBox Disk Image >>>
                        ]
       Signature: 0xbeda107f
         Version: 1.01
     Header size: 0x00000190  400
      Image type: 0x00000001
           Flags: 0x00000000
     Virtual CHS: 0-0-0
     Sector size: 0x00000200  512
     Logical CHS: 0-0-0
     Sector size: 0x00000200  512
      Map offset: 0x00100000  1048576
    Frame offset: 0x00200000  2097152
      Frame size: 0x00100000  1048576
Extra frame size: 0x00000000  0
    Total frames: 0x00000080  128
Frames allocated: 0x00000070  112
       Disk size: 0x0000000008000000  134217728
            UUID: aacacc73-2a8f-f84a-9546-761539e15aba
  Last snap UUID: a7164e3c-c050-f04b-9136-dea1a15a355b
       Link UUID: 00000000-0000-0000-0000-000000000000
     Parent UUID: 00000000-0000-0000-0000-000000000000
   Image comment:
Offset: 0x54
   00 01 02 03 04 05 06 07 08 09 0a 0b 0c 0d 0e 0f    0...4...8...c...
  +-----------------------------------------------+  +----------------+
00|00 00 00 00 00 00 00 00 00 00 00 00 00 00 00 00|00|                |
10|00 00 00 00 00 00 00 00 00 00 00 00 00 00 00 00|10|                |
20|00 00 00 00 00 00 00 00 00 00 00 00 00 00 00 00|20|                |
30|00 00 00 00 00 00 00 00 00 00 00 00 00 00 00 00|30|                |
40|00 00 00 00 00 00 00 00 00 00 00 00 00 00 00 00|40|                |
50|00 00 00 00 00 00 00 00 00 00 00 00 00 00 00 00|50|                |
60|00 00 00 00 00 00 00 00 00 00 00 00 00 00 00 00|60|                |
70|00 00 00 00 00 00 00 00 00 00 00 00 00 00 00 00|70|                |
80|00 00 00 00 00 00 00 00 00 00 00 00 00 00 00 00|80|                |
90|00 00 00 00 00 00 00 00 00 00 00 00 00 00 00 00|90|                |
a0|00 00 00 00 00 00 00 00 00 00 00 00 00 00 00 00|a0|                |
b0|00 00 00 00 00 00 00 00 00 00 00 00 00 00 00 00|b0|                |
c0|00 00 00 00 00 00 00 00 00 00 00 00 00 00 00 00|c0|                |
d0|00 00 00 00 00 00 00 00 00 00 00 00 00 00 00 00|d0|                |
e0|00 00 00 00 00 00 00 00 00 00 00 00 00 00 00 00|e0|                |
f0|00 00 00 00 00 00 00 00 00 00 00 00 00 00 00 00|f0|                |
  +-----------------------------------------------+  +----------------+

          Unused: 0


Header in binary:
Offset: 0x0
   00 01 02 03 04 05 06 07 08 09 0a 0b 0c 0d 0e 0f    0...4...8...c...
  +-----------------------------------------------+  +----------------+
00|3c 3c 3c 20 4f 72 61 63 6c 65 20 56 4d 20 56 69|00|<<< Oracle VM Vi|
10|72 74 75 61 6c 42 6f 78 20 44 69 73 6b 20 49 6d|10|rtualBox Disk Im|
20|61 67 65 20 3e 3e 3e 0a 00 00 00 00 00 00 00 00|20|age >>>         |
30|00 00 00 00 00 00 00 00 00 00 00 00 00 00 00 00|30|                |
40|7f 10 da be 01 00 01 00 90 01 00 00 01 00 00 00|40|                |
50|00 00 00 00 00 00 00 00 00 00 00 00 00 00 00 00|50|                |
60|00 00 00 00 00 00 00 00 00 00 00 00 00 00 00 00|60|                |
70|00 00 00 00 00 00 00 00 00 00 00 00 00 00 00 00|70|                |
80|00 00 00 00 00 00 00 00 00 00 00 00 00 00 00 00|80|                |
90|00 00 00 00 00 00 00 00 00 00 00 00 00 00 00 00|90|                |
a0|00 00 00 00 00 00 00 00 00 00 00 00 00 00 00 00|a0|                |
b0|00 00 00 00 00 00 00 00 00 00 00 00 00 00 00 00|b0|                |
c0|00 00 00 00 00 00 00 00 00 00 00 00 00 00 00 00|c0|                |
d0|00 00 00 00 00 00 00 00 00 00 00 00 00 00 00 00|d0|                |
e0|00 00 00 00 00 00 00 00 00 00 00 00 00 00 00 00|e0|                |
f0|00 00 00 00 00 00 00 00 00 00 00 00 00 00 00 00|f0|                |
  +-----------------------------------------------+  +----------------+

Offset: 0x100
   00 01 02 03 04 05 06 07 08 09 0a 0b 0c 0d 0e 0f    0...4...8...c...
  +-----------------------------------------------+  +----------------+
00|00 00 00 00 00 00 00 00 00 00 00 00 00 00 00 00|00|                |
10|00 00 00 00 00 00 00 00 00 00 00 00 00 00 00 00|10|                |
20|00 00 00 00 00 00 00 00 00 00 00 00 00 00 00 00|20|                |
30|00 00 00 00 00 00 00 00 00 00 00 00 00 00 00 00|30|                |
40|00 00 00 00 00 00 00 00 00 00 00 00 00 00 00 00|40|                |
50|00 00 00 00 00 00 10 00 00 00 20 00 00 00 00 00|50|                |
60|00 00 00 00 00 00 00 00 00 02 00 00 00 00 00 00|60|                |
70|00 00 00 08 00 00 00 00 00 00 10 00 00 00 00 00|70|                |
80|80 00 00 00 70 00 00 00 aa ca cc 73 2a 8f f8 4a|80|    p      s*  J|
90|                                               |90|                |
a0|                                               |a0|                |
b0|                                               |b0|                |
c0|                                               |c0|                |
d0|                                               |d0|                |
e0|                                               |e0|                |
f0|                                               |f0|                |
  +-----------------------------------------------+  +----------------+



Translation map:
Offset: 0x0
   00 01 02 03 04 05 06 07 08 09 0a 0b 0c 0d 0e 0f    0...4...8...c...
  +-----------------------------------------------+  +----------------+
00|00 00 00 00 01 00 00 00 04 00 00 00 59 00 00 00|00|            Y   |
10|5a 00 00 00 5b 00 00 00 5c 00 00 00 ff ff ff ff|10|Z   [   \       |
20|ff ff ff ff 5d 00 00 00 5e 00 00 00 5f 00 00 00|20|    ]   ^   _   |
30|60 00 00 00 61 00 00 00 62 00 00 00 63 00 00 00|30|`   a   b   c   |
40|64 00 00 00 65 00 00 00 66 00 00 00 6f 00 00 00|40|d   e   f   o   |
50|67 00 00 00 68 00 00 00 69 00 00 00 6a 00 00 00|50|g   h   i   j   |
60|6b 00 00 00 6c 00 00 00 6d 00 00 00 6e 00 00 00|60|k   l   m   n   |
70|ff ff ff ff ff ff ff ff ff ff ff ff ff ff ff ff|70|                |
80|ff ff ff ff 05 00 00 00 06 00 00 00 08 00 00 00|80|                |
90|09 00 00 00 07 00 00 00 0a 00 00 00 0b 00 00 00|90|                |
a0|0c 00 00 00 0d 00 00 00 0e 00 00 00 0f 00 00 00|a0|                |
b0|10 00 00 00 11 00 00 00 12 00 00 00 13 00 00 00|b0|                |
c0|14 00 00 00 15 00 00 00 16 00 00 00 17 00 00 00|c0|                |
d0|18 00 00 00 19 00 00 00 1a 00 00 00 1b 00 00 00|d0|                |
e0|1c 00 00 00 1d 00 00 00 1e 00 00 00 1f 00 00 00|e0|                |
f0|20 00 00 00 21 00 00 00 22 00 00 00 23 00 00 00|f0|    !   "   #   |
  +-----------------------------------------------+  +----------------+

Offset: 0x100
   00 01 02 03 04 05 06 07 08 09 0a 0b 0c 0d 0e 0f    0...4...8...c...
  +-----------------------------------------------+  +----------------+
00|24 00 00 00 02 00 00 00 25 00 00 00 26 00 00 00|00|$       %   &   |
10|27 00 00 00 28 00 00 00 ff ff ff ff ff ff ff ff|10|'   (           |
20|ff ff ff ff 29 00 00 00 2a 00 00 00 2b 00 00 00|20|    )   *   +   |
30|2c 00 00 00 2d 00 00 00 2e 00 00 00 2f 00 00 00|30|,   -   .   /   |
40|30 00 00 00 31 00 00 00 32 00 00 00 35 00 00 00|40|0   1   2   5   |
50|36 00 00 00 37 00 00 00 38 00 00 00 39 00 00 00|50|6   7   8   9   |
60|3a 00 00 00 3b 00 00 00 33 00 00 00 34 00 00 00|60|:   ;   3   4   |
70|3c 00 00 00 3d 00 00 00 3e 00 00 00 3f 00 00 00|70|<   =   >   ?   |
80|40 00 00 00 03 00 00 00 ff ff ff ff ff ff ff ff|80|@               |
90|ff ff ff ff 45 00 00 00 46 00 00 00 47 00 00 00|90|    E   F   G   |
a0|48 00 00 00 4d 00 00 00 49 00 00 00 4a 00 00 00|a0|H   M   I   J   |
b0|4b 00 00 00 4c 00 00 00 4e 00 00 00 4f 00 00 00|b0|K   L   N   O   |
c0|50 00 00 00 51 00 00 00 52 00 00 00 53 00 00 00|c0|P   Q   R   S   |
d0|54 00 00 00 55 00 00 00 56 00 00 00 57 00 00 00|d0|T   U   V   W   |
e0|58 00 00 00 41 00 00 00 42 00 00 00 43 00 00 00|e0|X   A   B   C   |
f0|44 00 00 00 ff ff ff ff ff ff ff ff ff ff ff ff|f0|D               |
  +-----------------------------------------------+  +----------------+



Partition table from Master Boot Record:
Offset: 0x100
   00 01 02 03 04 05 06 07 08 09 0a 0b 0c 0d 0e 0f    0...4...8...c...
  +-----------------------------------------------+  +----------------+
00|                                               |00|                |
10|                                               |10|                |
20|                                               |20|                |
30|                                               |30|                |
40|                                               |40|                |
50|                                               |50|                |
60|                                               |60|                |
70|                                               |70|                |
80|                                               |80|                |
90|                                               |90|                |
a0|                                               |a0|                |
b0|                                          00 04|b0|                |
c0|01 04 83 01 82 02 00 08 00 00 00 f8 03 00 00 00|c0|                |
d0|00 00 00 00 00 00 00 00 00 00 00 00 00 00 00 00|d0|                |
e0|00 00 00 00 00 00 00 00 00 00 00 00 00 00 00 00|e0|                |
f0|00 00 00 00 00 00 00 00 00 00 00 00 00 00      |f0|                |
  +-----------------------------------------------+  +----------------+

===============================================================================
===============================================================================
===============================================================================


Output from good-dynamic-4k.vdi:

Dump of VDI header:
      Image name: [<<< Oracle VM VirtualBox Disk Image >>>
                        ]
       Signature: 0xbeda107f
         Version: 1.01
     Header size: 0x00000190  400
      Image type: 0x00000001
           Flags: 0x00000000
     Virtual CHS: 0-0-0
     Sector size: 0x00000200  512
     Logical CHS: 0-0-0
     Sector size: 0x00000200  512
      Map offset: 0x00100000  1048576
    Frame offset: 0x00200000  2097152
      Frame size: 0x00100000  1048576
Extra frame size: 0x00000000  0
    Total frames: 0x00000080  128
Frames allocated: 0x0000006b  107
       Disk size: 0x0000000008000000  134217728
            UUID: ca1f10e5-a430-db41-a310-5648abb84a59
  Last snap UUID: 74901c47-d40f-d94b-8946-ffd1775085a6
       Link UUID: 00000000-0000-0000-0000-000000000000
     Parent UUID: 00000000-0000-0000-0000-000000000000
   Image comment:
Offset: 0x54
   00 01 02 03 04 05 06 07 08 09 0a 0b 0c 0d 0e 0f    0...4...8...c...
  +-----------------------------------------------+  +----------------+
00|00 00 00 00 00 00 00 00 00 00 00 00 00 00 00 00|00|                |
10|00 00 00 00 00 00 00 00 00 00 00 00 00 00 00 00|10|                |
20|00 00 00 00 00 00 00 00 00 00 00 00 00 00 00 00|20|                |
30|00 00 00 00 00 00 00 00 00 00 00 00 00 00 00 00|30|                |
40|00 00 00 00 00 00 00 00 00 00 00 00 00 00 00 00|40|                |
50|00 00 00 00 00 00 00 00 00 00 00 00 00 00 00 00|50|                |
60|00 00 00 00 00 00 00 00 00 00 00 00 00 00 00 00|60|                |
70|00 00 00 00 00 00 00 00 00 00 00 00 00 00 00 00|70|                |
80|00 00 00 00 00 00 00 00 00 00 00 00 00 00 00 00|80|                |
90|00 00 00 00 00 00 00 00 00 00 00 00 00 00 00 00|90|                |
a0|00 00 00 00 00 00 00 00 00 00 00 00 00 00 00 00|a0|                |
b0|00 00 00 00 00 00 00 00 00 00 00 00 00 00 00 00|b0|                |
c0|00 00 00 00 00 00 00 00 00 00 00 00 00 00 00 00|c0|                |
d0|00 00 00 00 00 00 00 00 00 00 00 00 00 00 00 00|d0|                |
e0|00 00 00 00 00 00 00 00 00 00 00 00 00 00 00 00|e0|                |
f0|00 00 00 00 00 00 00 00 00 00 00 00 00 00 00 00|f0|                |
  +-----------------------------------------------+  +----------------+

          Unused: 0


Header in binary:
Offset: 0x0
   00 01 02 03 04 05 06 07 08 09 0a 0b 0c 0d 0e 0f    0...4...8...c...
  +-----------------------------------------------+  +----------------+
00|3c 3c 3c 20 4f 72 61 63 6c 65 20 56 4d 20 56 69|00|<<< Oracle VM Vi|
10|72 74 75 61 6c 42 6f 78 20 44 69 73 6b 20 49 6d|10|rtualBox Disk Im|
20|61 67 65 20 3e 3e 3e 0a 00 00 00 00 00 00 00 00|20|age >>>         |
30|00 00 00 00 00 00 00 00 00 00 00 00 00 00 00 00|30|                |
40|7f 10 da be 01 00 01 00 90 01 00 00 01 00 00 00|40|                |
50|00 00 00 00 00 00 00 00 00 00 00 00 00 00 00 00|50|                |
60|00 00 00 00 00 00 00 00 00 00 00 00 00 00 00 00|60|                |
70|00 00 00 00 00 00 00 00 00 00 00 00 00 00 00 00|70|                |
80|00 00 00 00 00 00 00 00 00 00 00 00 00 00 00 00|80|                |
90|00 00 00 00 00 00 00 00 00 00 00 00 00 00 00 00|90|                |
a0|00 00 00 00 00 00 00 00 00 00 00 00 00 00 00 00|a0|                |
b0|00 00 00 00 00 00 00 00 00 00 00 00 00 00 00 00|b0|                |
c0|00 00 00 00 00 00 00 00 00 00 00 00 00 00 00 00|c0|                |
d0|00 00 00 00 00 00 00 00 00 00 00 00 00 00 00 00|d0|                |
e0|00 00 00 00 00 00 00 00 00 00 00 00 00 00 00 00|e0|                |
f0|00 00 00 00 00 00 00 00 00 00 00 00 00 00 00 00|f0|                |
  +-----------------------------------------------+  +----------------+

Offset: 0x100
   00 01 02 03 04 05 06 07 08 09 0a 0b 0c 0d 0e 0f    0...4...8...c...
  +-----------------------------------------------+  +----------------+
00|00 00 00 00 00 00 00 00 00 00 00 00 00 00 00 00|00|                |
10|00 00 00 00 00 00 00 00 00 00 00 00 00 00 00 00|10|                |
20|00 00 00 00 00 00 00 00 00 00 00 00 00 00 00 00|20|                |
30|00 00 00 00 00 00 00 00 00 00 00 00 00 00 00 00|30|                |
40|00 00 00 00 00 00 00 00 00 00 00 00 00 00 00 00|40|                |
50|00 00 00 00 00 00 10 00 00 00 20 00 00 00 00 00|50|                |
60|00 00 00 00 00 00 00 00 00 02 00 00 00 00 00 00|60|                |
70|00 00 00 08 00 00 00 00 00 00 10 00 00 00 00 00|70|                |
80|80 00 00 00 6b 00 00 00 ca 1f 10 e5 a4 30 db 41|80|    k        0 A|
90|                                               |90|                |
a0|                                               |a0|                |
b0|                                               |b0|                |
c0|                                               |c0|                |
d0|                                               |d0|                |
e0|                                               |e0|                |
f0|                                               |f0|                |
  +-----------------------------------------------+  +----------------+



Translation map:
Offset: 0x0
   00 01 02 03 04 05 06 07 08 09 0a 0b 0c 0d 0e 0f    0...4...8...c...
  +-----------------------------------------------+  +----------------+
00|00 00 00 00 01 00 00 00 ff ff ff ff ff ff ff ff|00|                |
10|ff ff ff ff 02 00 00 00 03 00 00 00 04 00 00 00|10|                |
20|ff ff ff ff 07 00 00 00 0a 00 00 00 08 00 00 00|20|                |
30|09 00 00 00 0b 00 00 00 0c 00 00 00 0d 00 00 00|30|                |
40|10 00 00 00 11 00 00 00 ff ff ff ff 15 00 00 00|40|                |
50|16 00 00 00 17 00 00 00 18 00 00 00 19 00 00 00|50|                |
60|1a 00 00 00 12 00 00 00 13 00 00 00 14 00 00 00|60|                |
70|1b 00 00 00 1c 00 00 00 1d 00 00 00 1e 00 00 00|70|                |
80|1f 00 00 00 38 00 00 00 39 00 00 00 3a 00 00 00|80|    8   9   :   |
90|3b 00 00 00 3c 00 00 00 3d 00 00 00 3e 00 00 00|90|;   <   =   >   |
a0|3f 00 00 00 40 00 00 00 41 00 00 00 42 00 00 00|a0|?   @   A   B   |
b0|43 00 00 00 44 00 00 00 45 00 00 00 46 00 00 00|b0|C   D   E   F   |
c0|47 00 00 00 48 00 00 00 49 00 00 00 4a 00 00 00|c0|G   H   I   J   |
d0|4b 00 00 00 4c 00 00 00 4d 00 00 00 4e 00 00 00|d0|K   L   M   N   |
e0|4f 00 00 00 50 00 00 00 51 00 00 00 52 00 00 00|e0|O   P   Q   R   |
f0|53 00 00 00 54 00 00 00 55 00 00 00 56 00 00 00|f0|S   T   U   V   |
  +-----------------------------------------------+  +----------------+

Offset: 0x100
   00 01 02 03 04 05 06 07 08 09 0a 0b 0c 0d 0e 0f    0...4...8...c...
  +-----------------------------------------------+  +----------------+
00|57 00 00 00 58 00 00 00 59 00 00 00 5a 00 00 00|00|W   X   Y   Z   |
10|5b 00 00 00 5c 00 00 00 5d 00 00 00 5e 00 00 00|10|[   \   ]   ^   |
20|5f 00 00 00 60 00 00 00 61 00 00 00 62 00 00 00|20|_   `   a   b   |
30|63 00 00 00 64 00 00 00 65 00 00 00 66 00 00 00|30|c   d   e   f   |
40|67 00 00 00 68 00 00 00 69 00 00 00 6a 00 00 00|40|g   h   i   j   |
50|ff ff ff ff ff ff ff ff ff ff ff ff ff ff ff ff|50|                |
60|ff ff ff ff ff ff ff ff ff ff ff ff ff ff ff ff|60|                |
70|ff ff ff ff ff ff ff ff ff ff ff ff ff ff ff ff|70|                |
80|ff ff ff ff 28 00 00 00 29 00 00 00 2a 00 00 00|80|    (   )   *   |
90|2b 00 00 00 2c 00 00 00 2d 00 00 00 2e 00 00 00|90|+   ,   -   .   |
a0|2f 00 00 00 30 00 00 00 34 00 00 00 35 00 00 00|a0|/   0   4   5   |
b0|36 00 00 00 31 00 00 00 32 00 00 00 33 00 00 00|b0|6   1   2   3   |
c0|37 00 00 00 20 00 00 00 21 00 00 00 22 00 00 00|c0|7       !   "   |
d0|23 00 00 00 24 00 00 00 25 00 00 00 26 00 00 00|d0|#   $   %   &   |
e0|27 00 00 00 0e 00 00 00 0f 00 00 00 ff ff ff ff|e0|'               |
f0|ff ff ff ff 05 00 00 00 06 00 00 00 ff ff ff ff|f0|                |
  +-----------------------------------------------+  +----------------+



Partition table from Master Boot Record:
Offset: 0x100
   00 01 02 03 04 05 06 07 08 09 0a 0b 0c 0d 0e 0f    0...4...8...c...
  +-----------------------------------------------+  +----------------+
00|                                               |00|                |
10|                                               |10|                |
20|                                               |20|                |
30|                                               |30|                |
40|                                               |40|                |
50|                                               |50|                |
60|                                               |60|                |
70|                                               |70|                |
80|                                               |80|                |
90|                                               |90|                |
a0|                                               |a0|                |
b0|                                          00 04|b0|                |
c0|01 04 83 01 82 02 00 08 00 00 00 f8 03 00 00 00|c0|                |
d0|00 00 00 00 00 00 00 00 00 00 00 00 00 00 00 00|d0|                |
e0|00 00 00 00 00 00 00 00 00 00 00 00 00 00 00 00|e0|                |
f0|00 00 00 00 00 00 00 00 00 00 00 00 00 00      |f0|                |
  +-----------------------------------------------+  +----------------+
